This is pdfTeX, Version 3.141592653-2.6-1.40.24 (MiKTeX 23.1) (preloaded format=pdflatex 2023.3.25)  3 MAY 2023 23:28
entering extended mode
 restricted \write18 enabled.
 %&-line parsing enabled.
**./Medina_Martinez_Jonathan_Jason_Reporte.tex
(Medina_Martinez_Jonathan_Jason_Reporte.tex
LaTeX2e <2022-11-01> patch level 1
L3 programming layer <2023-02-22>
(C:\Users\jason\AppData\Local\Programs\MiKTeX\tex/latex/base\article.cls
Document Class: article 2022/07/02 v1.4n Standard LaTeX document class
(C:\Users\jason\AppData\Local\Programs\MiKTeX\tex/latex/base\size10.clo
File: size10.clo 2022/07/02 v1.4n Standard LaTeX file (size option)
)
\c@part=\count185
\c@section=\count186
\c@subsection=\count187
\c@subsubsection=\count188
\c@paragraph=\count189
\c@subparagraph=\count190
\c@figure=\count191
\c@table=\count192
\abovecaptionskip=\skip48
\belowcaptionskip=\skip49
\bibindent=\dimen140
)
(C:\Users\jason\AppData\Local\Programs\MiKTeX\tex/latex/base\inputenc.sty
Package: inputenc 2021/02/14 v1.3d Input encoding file
\inpenc@prehook=\toks16
\inpenc@posthook=\toks17
)
(C:\Users\jason\AppData\Local\Programs\MiKTeX\tex/generic/babel\babel.sty
Package: babel 2023/02/13 3.86 The Babel package
\babel@savecnt=\count193
\U@D=\dimen141
\l@unhyphenated=\language79

(C:\Users\jason\AppData\Local\Programs\MiKTeX\tex/generic/babel\txtbabel.def)
\bbl@readstream=\read2
\bbl@dirlevel=\count194

*************************************
* Local config file bblopts.cfg used
*
(C:\Users\jason\AppData\Local\Programs\MiKTeX\tex/latex/arabi\bblopts.cfg
File: bblopts.cfg 2005/09/08 v0.1 add Arabic and Farsi to "declared" options of
 babel
)
(C:\Users\jason\AppData\Local\Programs\MiKTeX\tex/latex/babel-spanish\spanish.l
df
Language: spanish.ldf 2021/05/27 v5.0q Spanish support from the babel system
\es@quottoks=\toks18
\es@quotdepth=\count195
Package babel Info: Making " an active character on input line 570.
Package babel Info: Making . an active character on input line 675.
Package babel Info: Making < an active character on input line 722.
Package babel Info: Making > an active character on input line 722.
))
(C:\Users\jason\AppData\Local\Programs\MiKTeX\tex/generic/babel/locale/es\babel
-spanish.tex
Package babel Info: Importing font and identification data for spanish
(babel)             from babel-es.ini. Reported on input line 11.
)
(C:\Users\jason\AppData\Local\Programs\MiKTeX\tex/latex/graphics\graphicx.sty
Package: graphicx 2021/09/16 v1.2d Enhanced LaTeX Graphics (DPC,SPQR)

(C:\Users\jason\AppData\Local\Programs\MiKTeX\tex/latex/graphics\keyval.sty
Package: keyval 2022/05/29 v1.15 key=value parser (DPC)
\KV@toks@=\toks19
)
(C:\Users\jason\AppData\Local\Programs\MiKTeX\tex/latex/graphics\graphics.sty
Package: graphics 2022/03/10 v1.4e Standard LaTeX Graphics (DPC,SPQR)

(C:\Users\jason\AppData\Local\Programs\MiKTeX\tex/latex/graphics\trig.sty
Package: trig 2021/08/11 v1.11 sin cos tan (DPC)
)
(C:\Users\jason\AppData\Local\Programs\MiKTeX\tex/latex/graphics-cfg\graphics.c
fg
File: graphics.cfg 2016/06/04 v1.11 sample graphics configuration
)
Package graphics Info: Driver file: pdftex.def on input line 107.

(C:\Users\jason\AppData\Local\Programs\MiKTeX\tex/latex/graphics-def\pdftex.def
File: pdftex.def 2022/09/22 v1.2b Graphics/color driver for pdftex
))
\Gin@req@height=\dimen142
\Gin@req@width=\dimen143
)
(C:\Users\jason\AppData\Local\Programs\MiKTeX\tex/latex/geometry\geometry.sty
Package: geometry 2020/01/02 v5.9 Page Geometry

(C:\Users\jason\AppData\Local\Programs\MiKTeX\tex/generic/iftex\ifvtex.sty
Package: ifvtex 2019/10/25 v1.7 ifvtex legacy package. Use iftex instead.

(C:\Users\jason\AppData\Local\Programs\MiKTeX\tex/generic/iftex\iftex.sty
Package: iftex 2022/02/03 v1.0f TeX engine tests
))
\Gm@cnth=\count196
\Gm@cntv=\count197
\c@Gm@tempcnt=\count198
\Gm@bindingoffset=\dimen144
\Gm@wd@mp=\dimen145
\Gm@odd@mp=\dimen146
\Gm@even@mp=\dimen147
\Gm@layoutwidth=\dimen148
\Gm@layoutheight=\dimen149
\Gm@layouthoffset=\dimen150
\Gm@layoutvoffset=\dimen151
\Gm@dimlist=\toks20

(C:\Users\jason\AppData\Local\Programs\MiKTeX\tex/latex/geometry\geometry.cfg))
(C:\Users\jason\AppData\Local\Programs\MiKTeX\tex/latex/tools\enumerate.sty
Package: enumerate 2015/07/23 v3.00 enumerate extensions (DPC)
\@enLab=\toks21
)
(C:\Users\jason\AppData\Local\Programs\MiKTeX\tex/latex/titlesec\titlesec.sty
Package: titlesec 2021/07/05 v2.14 Sectioning titles
\ttl@box=\box51
\beforetitleunit=\skip50
\aftertitleunit=\skip51
\ttl@plus=\dimen152
\ttl@minus=\dimen153
\ttl@toksa=\toks22
\titlewidth=\dimen154
\titlewidthlast=\dimen155
\titlewidthfirst=\dimen156
)
(C:\Users\jason\AppData\Local\Programs\MiKTeX\tex/latex/float\float.sty
Package: float 2001/11/08 v1.3d Float enhancements (AL)
\c@float@type=\count199
\float@exts=\toks23
\float@box=\box52
\@float@everytoks=\toks24
\@floatcapt=\box53
)
(C:\Users\jason\AppData\Local\Programs\MiKTeX\tex/latex/listings\listings.sty
\lst@mode=\count266
\lst@gtempboxa=\box54
\lst@token=\toks25
\lst@length=\count267
\lst@currlwidth=\dimen157
\lst@column=\count268
\lst@pos=\count269
\lst@lostspace=\dimen158
\lst@width=\dimen159
\lst@newlines=\count270
\lst@lineno=\count271
\lst@maxwidth=\dimen160

(C:\Users\jason\AppData\Local\Programs\MiKTeX\tex/latex/listings\lstmisc.sty
File: lstmisc.sty 2023/02/27 1.9 (Carsten Heinz)
\c@lstnumber=\count272
\lst@skipnumbers=\count273
\lst@framebox=\box55
)
(C:\Users\jason\AppData\Local\Programs\MiKTeX\tex/latex/listings\listings.cfg
File: listings.cfg 2023/02/27 1.9 listings configuration
))
Package: listings 2023/02/27 1.9 (Carsten Heinz)
(C:\Users\jason\AppData\Local\Programs\MiKTeX\tex/latex/xcolor\xcolor.sty
Package: xcolor 2022/06/12 v2.14 LaTeX color extensions (UK)

(C:\Users\jason\AppData\Local\Programs\MiKTeX\tex/latex/graphics-cfg\color.cfg
File: color.cfg 2016/01/02 v1.6 sample color configuration
)
Package xcolor Info: Driver file: pdftex.def on input line 227.
(C:\Users\jason\AppData\Local\Programs\MiKTeX\tex/latex/graphics\mathcolor.ltx)
Package xcolor Info: Model `cmy' substituted by `cmy0' on input line 1353.
Package xcolor Info: Model `hsb' substituted by `rgb' on input line 1357.
Package xcolor Info: Model `RGB' extended on input line 1369.
Package xcolor Info: Model `HTML' substituted by `rgb' on input line 1371.
Package xcolor Info: Model `Hsb' substituted by `hsb' on input line 1372.
Package xcolor Info: Model `tHsb' substituted by `hsb' on input line 1373.
Package xcolor Info: Model `HSB' substituted by `hsb' on input line 1374.
Package xcolor Info: Model `Gray' substituted by `gray' on input line 1375.
Package xcolor Info: Model `wave' substituted by `hsb' on input line 1376.
) (C:\Users\jason\AppData\Local\Programs\MiKTeX\tex/latex/amsmath\amsmath.sty
Package: amsmath 2022/04/08 v2.17n AMS math features
\@mathmargin=\skip52

For additional information on amsmath, use the `?' option.
(C:\Users\jason\AppData\Local\Programs\MiKTeX\tex/latex/amsmath\amstext.sty
Package: amstext 2021/08/26 v2.01 AMS text

(C:\Users\jason\AppData\Local\Programs\MiKTeX\tex/latex/amsmath\amsgen.sty
File: amsgen.sty 1999/11/30 v2.0 generic functions
\@emptytoks=\toks26
\ex@=\dimen161
))
(C:\Users\jason\AppData\Local\Programs\MiKTeX\tex/latex/amsmath\amsbsy.sty
Package: amsbsy 1999/11/29 v1.2d Bold Symbols
\pmbraise@=\dimen162
)
(C:\Users\jason\AppData\Local\Programs\MiKTeX\tex/latex/amsmath\amsopn.sty
Package: amsopn 2022/04/08 v2.04 operator names
)
\inf@bad=\count274
LaTeX Info: Redefining \frac on input line 234.
\uproot@=\count275
\leftroot@=\count276
LaTeX Info: Redefining \overline on input line 399.
LaTeX Info: Redefining \colon on input line 410.
\classnum@=\count277
\DOTSCASE@=\count278
LaTeX Info: Redefining \ldots on input line 496.
LaTeX Info: Redefining \dots on input line 499.
LaTeX Info: Redefining \cdots on input line 620.
\Mathstrutbox@=\box56
\strutbox@=\box57
LaTeX Info: Redefining \big on input line 722.
LaTeX Info: Redefining \Big on input line 723.
LaTeX Info: Redefining \bigg on input line 724.
LaTeX Info: Redefining \Bigg on input line 725.
\big@size=\dimen163
LaTeX Font Info:    Redeclaring font encoding OML on input line 743.
LaTeX Font Info:    Redeclaring font encoding OMS on input line 744.
\macc@depth=\count279
LaTeX Info: Redefining \bmod on input line 905.
LaTeX Info: Redefining \pmod on input line 910.
LaTeX Info: Redefining \smash on input line 940.
LaTeX Info: Redefining \relbar on input line 970.
LaTeX Info: Redefining \Relbar on input line 971.
\c@MaxMatrixCols=\count280
\dotsspace@=\muskip16
\c@parentequation=\count281
\dspbrk@lvl=\count282
\tag@help=\toks27
\row@=\count283
\column@=\count284
\maxfields@=\count285
\andhelp@=\toks28
\eqnshift@=\dimen164
\alignsep@=\dimen165
\tagshift@=\dimen166
\tagwidth@=\dimen167
\totwidth@=\dimen168
\lineht@=\dimen169
\@envbody=\toks29
\multlinegap=\skip53
\multlinetaggap=\skip54
\mathdisplay@stack=\toks30
LaTeX Info: Redefining \[ on input line 2953.
LaTeX Info: Redefining \] on input line 2954.
)
(C:\Users\jason\AppData\Local\Programs\MiKTeX\tex/latex/matlab-prettifier\matla
b-prettifier.sty
Package: matlab-prettifier 2014/06/19 v0.3 A package for prettyprinting Matlab 
source code

(C:\Users\jason\AppData\Local\Programs\MiKTeX\tex/latex/base\textcomp.sty
Package: textcomp 2020/02/02 v2.0n Standard LaTeX package
)
\netBracketCount@mlpr=\count286
\blkLvl@mlpr=\count287
\blkLvlAtClassdef@mlpr=\count288
\emHeight@mlpr=\skip55
\jayDepth@mlpr=\skip56
\sectionRuleOffset@mlpr=\skip57
\toks@mlpr=\toks31
)
(C:\Users\jason\AppData\Local\Programs\MiKTeX\tex/latex/amsfonts\amssymb.sty
Package: amssymb 2013/01/14 v3.01 AMS font symbols

(C:\Users\jason\AppData\Local\Programs\MiKTeX\tex/latex/amsfonts\amsfonts.sty
Package: amsfonts 2013/01/14 v3.01 Basic AMSFonts support
\symAMSa=\mathgroup4
\symAMSb=\mathgroup5
LaTeX Font Info:    Redeclaring math symbol \hbar on input line 98.
LaTeX Font Info:    Overwriting math alphabet `\mathfrak' in version `bold'
(Font)                  U/euf/m/n --> U/euf/b/n on input line 106.
)) (C:\Users\jason\AppData\Local\Programs\MiKTeX\tex/latex/tools\tabularx.sty
Package: tabularx 2020/01/15 v2.11c `tabularx' package (DPC)

(C:\Users\jason\AppData\Local\Programs\MiKTeX\tex/latex/tools\array.sty
Package: array 2022/09/04 v2.5g Tabular extension package (FMi)
\col@sep=\dimen170
\ar@mcellbox=\box58
\extrarowheight=\dimen171
\NC@list=\toks32
\extratabsurround=\skip58
\backup@length=\skip59
\ar@cellbox=\box59
)
\TX@col@width=\dimen172
\TX@old@table=\dimen173
\TX@old@col=\dimen174
\TX@target=\dimen175
\TX@delta=\dimen176
\TX@cols=\count289
\TX@ftn=\toks33
)
(C:\Users\jason\AppData\Local\Programs\MiKTeX\tex/latex/l3backend\l3backend-pdf
tex.def
File: l3backend-pdftex.def 2023-01-16 L3 backend support: PDF output (pdfTeX)
\l__color_backend_stack_int=\count290
\l__pdf_internal_box=\box60
) (Medina_Martinez_Jonathan_Jason_Reporte.aux
LaTeX Info: Redefining \. on input line 8.
LaTeX Info: Redefining \% on input line 8.
)
\openout1 = `Medina_Martinez_Jonathan_Jason_Reporte.aux'.

LaTeX Font Info:    Checking defaults for OML/cmm/m/it on input line 36.
LaTeX Font Info:    ... okay on input line 36.
LaTeX Font Info:    Checking defaults for OMS/cmsy/m/n on input line 36.
LaTeX Font Info:    ... okay on input line 36.
LaTeX Font Info:    Checking defaults for OT1/cmr/m/n on input line 36.
LaTeX Font Info:    ... okay on input line 36.
LaTeX Font Info:    Checking defaults for T1/cmr/m/n on input line 36.
LaTeX Font Info:    ... okay on input line 36.
LaTeX Font Info:    Checking defaults for TS1/cmr/m/n on input line 36.
LaTeX Font Info:    ... okay on input line 36.
LaTeX Font Info:    Checking defaults for OMX/cmex/m/n on input line 36.
LaTeX Font Info:    ... okay on input line 36.
LaTeX Font Info:    Checking defaults for U/cmr/m/n on input line 36.
LaTeX Font Info:    ... okay on input line 36.
LaTeX Info: Redefining \. on input line 36.
LaTeX Info: Redefining \% on input line 36.

(C:\Users\jason\AppData\Local\Programs\MiKTeX\tex/context/base/mkii\supp-pdf.mk
ii
[Loading MPS to PDF converter (version 2006.09.02).]
\scratchcounter=\count291
\scratchdimen=\dimen177
\scratchbox=\box61
\nofMPsegments=\count292
\nofMParguments=\count293
\everyMPshowfont=\toks34
\MPscratchCnt=\count294
\MPscratchDim=\dimen178
\MPnumerator=\count295
\makeMPintoPDFobject=\count296
\everyMPtoPDFconversion=\toks35
)
(C:\Users\jason\AppData\Local\Programs\MiKTeX\tex/latex/epstopdf-pkg\epstopdf-b
ase.sty
Package: epstopdf-base 2020-01-24 v2.11 Base part for package epstopdf
Package epstopdf-base Info: Redefining graphics rule for `.eps' on input line 4
85.

(C:\Users\jason\AppData\Local\Programs\MiKTeX\tex/latex/00miktex\epstopdf-sys.c
fg
File: epstopdf-sys.cfg 2021/03/18 v2.0 Configuration of epstopdf for MiKTeX
))
*geometry* driver: auto-detecting
*geometry* detected driver: pdftex
*geometry* verbose mode - [ preamble ] result:
* driver: pdftex
* paper: letterpaper
* layout: <same size as paper>
* layoutoffset:(h,v)=(0.0pt,0.0pt)
* modes: 
* h-part:(L,W,R)=(42.67912pt, 528.93675pt, 42.67912pt)
* v-part:(T,H,B)=(42.67912pt, 709.61174pt, 42.67912pt)
* \paperwidth=614.295pt
* \paperheight=794.96999pt
* \textwidth=528.93675pt
* \textheight=709.61174pt
* \oddsidemargin=-29.59087pt
* \evensidemargin=-29.59087pt
* \topmargin=-66.59087pt
* \headheight=12.0pt
* \headsep=25.0pt
* \topskip=10.0pt
* \footskip=30.0pt
* \marginparwidth=65.0pt
* \marginparsep=11.0pt
* \columnsep=10.0pt
* \skip\footins=9.0pt plus 4.0pt minus 2.0pt
* \hoffset=0.0pt
* \voffset=0.0pt
* \mag=1000
* \@twocolumnfalse
* \@twosidefalse
* \@mparswitchfalse
* \@reversemarginfalse
* (1in=72.27pt=25.4mm, 1cm=28.453pt)

\c@lstlisting=\count297
<Logo1.jpeg, id=1, 236.885pt x 326.21875pt>
File: Logo1.jpeg Graphic file (type jpg)
<use Logo1.jpeg>
Package pdftex.def Info: Logo1.jpeg  used on input line 42.
(pdftex.def)             Requested size: 71.13188pt x 97.95596pt.
<Logo2.png, id=2, 627.34375pt x 492.84125pt>
File: Logo2.png Graphic file (type png)
<use Logo2.png>
Package pdftex.def Info: Logo2.png  used on input line 44.
(pdftex.def)             Requested size: 85.35826pt x 67.0571pt.
LaTeX Font Info:    Trying to load font information for U+msa on input line 48.

(C:\Users\jason\AppData\Local\Programs\MiKTeX\tex/latex/amsfonts\umsa.fd
File: umsa.fd 2013/01/14 v3.01 AMS symbols A
)
LaTeX Font Info:    Trying to load font information for U+msb on input line 48.


(C:\Users\jason\AppData\Local\Programs\MiKTeX\tex/latex/amsfonts\umsb.fd
File: umsb.fd 2013/01/14 v3.01 AMS symbols B
)
[1

{C:/Users/jason/AppData/Local/MiKTeX/fonts/map/pdftex/pdftex.map} <./Logo1.jpeg
> <./Logo2.png>] (Medina_Martinez_Jonathan_Jason_Reporte.toc
LaTeX Info: Redefining \. on input line 1.
LaTeX Info: Redefining \% on input line 1.
 [2] [3])
\tf@toc=\write3
\openout3 = `Medina_Martinez_Jonathan_Jason_Reporte.toc'.


[4] [5] [6]
LaTeX Font Info:    Trying to load font information for TS1+cmtt on input line 
103.

(C:\Users\jason\AppData\Local\Programs\MiKTeX\tex/latex/base\ts1cmtt.fd
File: ts1cmtt.fd 2022/07/10 v2.5l Standard LaTeX font definitions
)
<grafica1.png, id=31, 526.96875pt x 395.22656pt>
File: grafica1.png Graphic file (type png)
<use grafica1.png>
Package pdftex.def Info: grafica1.png  used on input line 119.
(pdftex.def)             Requested size: 528.93675pt x 396.72118pt.

[7 <./grafica1.png (PNG copy)>]
<grafica2.png, id=39, 526.96875pt x 395.22656pt>
File: grafica2.png Graphic file (type png)
<use grafica2.png>
Package pdftex.def Info: grafica2.png  used on input line 148.
(pdftex.def)             Requested size: 528.93675pt x 396.72118pt.
 [8 <./grafica2.png (PNG copy)>]
<grafica3.png, id=43, 526.96875pt x 395.22656pt>
File: grafica3.png Graphic file (type png)
<use grafica3.png>
Package pdftex.def Info: grafica3.png  used on input line 182.
(pdftex.def)             Requested size: 528.93675pt x 396.72118pt.
 [9 <./grafica3.png (PNG copy)>]
<grafica4.png, id=47, 526.96875pt x 395.22656pt>
File: grafica4.png Graphic file (type png)
<use grafica4.png>
Package pdftex.def Info: grafica4.png  used on input line 213.
(pdftex.def)             Requested size: 528.93675pt x 396.72118pt.
 [10 <./grafica4.png (PNG copy)>] [11]
<grafica5.png, id=55, 526.96875pt x 395.22656pt>
File: grafica5.png Graphic file (type png)
<use grafica5.png>
Package pdftex.def Info: grafica5.png  used on input line 274.
(pdftex.def)             Requested size: 528.93675pt x 396.72118pt.
 [12 <./grafica5.png (PNG copy)>] [13]
<grafica6.png, id=63, 526.96875pt x 395.22656pt>
File: grafica6.png Graphic file (type png)
<use grafica6.png>
Package pdftex.def Info: grafica6.png  used on input line 338.
(pdftex.def)             Requested size: 528.93675pt x 396.72118pt.
 [14 <./grafica6.png (PNG copy)>] [15]
<grafica7.png, id=70, 526.96875pt x 395.22656pt>
File: grafica7.png Graphic file (type png)
<use grafica7.png>
Package pdftex.def Info: grafica7.png  used on input line 406.
(pdftex.def)             Requested size: 528.93675pt x 396.72118pt.
 [16 <./grafica7.png (PNG copy)>] [17]
<grafica8.png, id=77, 526.96875pt x 395.22656pt>
File: grafica8.png Graphic file (type png)
<use grafica8.png>
Package pdftex.def Info: grafica8.png  used on input line 475.
(pdftex.def)             Requested size: 528.93675pt x 396.72118pt.
 [18 <./grafica8.png (PNG copy)>] [19]
<grafica9.png, id=85, 526.96875pt x 395.22656pt>
File: grafica9.png Graphic file (type png)
<use grafica9.png>
Package pdftex.def Info: grafica9.png  used on input line 545.
(pdftex.def)             Requested size: 528.93675pt x 396.72118pt.
 [20 <./grafica9.png (PNG copy)>] [21]
<grafica10.png, id=92, 526.96875pt x 395.22656pt>
File: grafica10.png Graphic file (type png)
<use grafica10.png>
Package pdftex.def Info: grafica10.png  used on input line 596.
(pdftex.def)             Requested size: 528.93675pt x 396.72118pt.
 [22 <./grafica10.png (PNG copy)>] [23]
<grafica11.png, id=99, 526.96875pt x 395.22656pt>
File: grafica11.png Graphic file (type png)
<use grafica11.png>
Package pdftex.def Info: grafica11.png  used on input line 651.
(pdftex.def)             Requested size: 528.93675pt x 396.72118pt.
 [24 <./grafica11.png (PNG copy)>]
Underfull \hbox (badness 10000) in paragraph at lines 661--663

 []


Underfull \hbox (badness 10000) in paragraph at lines 663--665

 []


Underfull \hbox (badness 10000) in paragraph at lines 665--667

 []


Underfull \hbox (badness 10000) in paragraph at lines 667--669

 []


Underfull \hbox (badness 10000) in paragraph at lines 669--671

 []

[25]
<grafica12.png, id=107, 526.96875pt x 395.22656pt>
File: grafica12.png Graphic file (type png)
<use grafica12.png>
Package pdftex.def Info: grafica12.png  used on input line 702.
(pdftex.def)             Requested size: 528.93675pt x 396.72118pt.
 [26 <./grafica12.png (PNG copy)>]
<grafica13.png, id=111, 526.96875pt x 395.22656pt>
File: grafica13.png Graphic file (type png)
<use grafica13.png>
Package pdftex.def Info: grafica13.png  used on input line 737.
(pdftex.def)             Requested size: 528.93675pt x 396.72118pt.
 [27 <./grafica13.png (PNG copy)>]
<grafica14.png, id=115, 526.96875pt x 395.22656pt>
File: grafica14.png Graphic file (type png)
<use grafica14.png>
Package pdftex.def Info: grafica14.png  used on input line 767.
(pdftex.def)             Requested size: 528.93675pt x 396.72118pt.

[28 <./grafica14.png (PNG copy)>]
<grafica15.png, id=119, 526.96875pt x 395.22656pt>
File: grafica15.png Graphic file (type png)
<use grafica15.png>
Package pdftex.def Info: grafica15.png  used on input line 799.
(pdftex.def)             Requested size: 528.93675pt x 396.72118pt.
 [29 <./grafica15.png (PNG copy)>]
<grafica16.png, id=123, 526.96875pt x 395.22656pt>
File: grafica16.png Graphic file (type png)
<use grafica16.png>
Package pdftex.def Info: grafica16.png  used on input line 828.
(pdftex.def)             Requested size: 528.93675pt x 396.72118pt.
 [30 <./grafica16.png (PNG copy)>] [31]
<grafica17.png, id=131, 721.19438pt x 561.59813pt>
File: grafica17.png Graphic file (type png)
<use grafica17.png>
Package pdftex.def Info: grafica17.png  used on input line 905.
(pdftex.def)             Requested size: 528.93675pt x 411.88275pt.
 [32 <./grafica17.png (PNG copy)>] [33] [34]
<grafica18.png, id=141, 526.96875pt x 395.22656pt>
File: grafica18.png Graphic file (type png)
<use grafica18.png>
Package pdftex.def Info: grafica18.png  used on input line 1019.
(pdftex.def)             Requested size: 528.93675pt x 396.72118pt.

[35 <./grafica18.png (PNG copy)>] [36]
<grafica19a.png, id=148, 526.96875pt x 395.22656pt>
File: grafica19a.png Graphic file (type png)
<use grafica19a.png>
Package pdftex.def Info: grafica19a.png  used on input line 1071.
(pdftex.def)             Requested size: 528.93675pt x 396.72118pt.
 [37 <./grafica19a.png (PNG copy)>]
<grafica19b.png, id=153, 526.96875pt x 395.22656pt>
File: grafica19b.png Graphic file (type png)
<use grafica19b.png>
Package pdftex.def Info: grafica19b.png  used on input line 1080.
(pdftex.def)             Requested size: 528.93675pt x 396.72118pt.

[38 <./grafica19b.png (PNG copy)>] [39]
<grafica20a.png, id=160, 731.73375pt x 689.57625pt>
File: grafica20a.png Graphic file (type png)
<use grafica20a.png>
Package pdftex.def Info: grafica20a.png  used on input line 1136.
(pdftex.def)             Requested size: 528.93675pt x 498.48318pt.
 [40 <./grafica20a.png (PNG copy)>]
<grafica20b.png, id=164, 634.62094pt x 398.99063pt>
File: grafica20b.png Graphic file (type png)
<use grafica20b.png>
Package pdftex.def Info: grafica20b.png  used on input line 1145.
(pdftex.def)             Requested size: 528.93675pt x 332.57457pt.

[41 <./grafica20b.png (PNG copy)>] [42]
<grafica21a.png, id=171, 526.96875pt x 395.22656pt>
File: grafica21a.png Graphic file (type png)
<use grafica21a.png>
Package pdftex.def Info: grafica21a.png  used on input line 1205.
(pdftex.def)             Requested size: 528.93675pt x 396.72118pt.
 [43 <./grafica21a.png (PNG copy)>]
<grafica21b.png, id=176, 526.96875pt x 395.22656pt>
File: grafica21b.png Graphic file (type png)
<use grafica21b.png>
Package pdftex.def Info: grafica21b.png  used on input line 1214.
(pdftex.def)             Requested size: 528.93675pt x 396.72118pt.

[44 <./grafica21b.png (PNG copy)>]
<grafica21c.png, id=180, 526.96875pt x 395.22656pt>
File: grafica21c.png Graphic file (type png)
<use grafica21c.png>
Package pdftex.def Info: grafica21c.png  used on input line 1223.
(pdftex.def)             Requested size: 528.93675pt x 396.72118pt.
 [45 <./grafica21c.png (PNG copy)>] [46]
<grafica22a.png, id=187, 526.96875pt x 395.22656pt>
File: grafica22a.png Graphic file (type png)
<use grafica22a.png>
Package pdftex.def Info: grafica22a.png  used on input line 1283.
(pdftex.def)             Requested size: 528.93675pt x 396.72118pt.

[47 <./grafica22a.png (PNG copy)>]
<grafica22b.png, id=191, 526.96875pt x 395.22656pt>
File: grafica22b.png Graphic file (type png)
<use grafica22b.png>
Package pdftex.def Info: grafica22b.png  used on input line 1292.
(pdftex.def)             Requested size: 528.93675pt x 396.72118pt.
 [48 <./grafica22b.png (PNG copy)>]
<grafica22c.png, id=195, 526.96875pt x 395.22656pt>
File: grafica22c.png Graphic file (type png)
<use grafica22c.png>
Package pdftex.def Info: grafica22c.png  used on input line 1301.
(pdftex.def)             Requested size: 528.93675pt x 396.72118pt.
 [49 <./grafica22c.png (PNG copy)>]
<grafica22d.png, id=200, 526.96875pt x 395.22656pt>
File: grafica22d.png Graphic file (type png)
<use grafica22d.png>
Package pdftex.def Info: grafica22d.png  used on input line 1310.
(pdftex.def)             Requested size: 528.93675pt x 396.72118pt.
 [50 <./grafica22d.png (PNG copy)>]
<grafica22e.png, id=204, 526.96875pt x 395.22656pt>
File: grafica22e.png Graphic file (type png)
<use grafica22e.png>
Package pdftex.def Info: grafica22e.png  used on input line 1319.
(pdftex.def)             Requested size: 528.93675pt x 396.72118pt.
 [51 <./grafica22e.png (PNG copy)>] [52] (Medina_Martinez_Jonathan_Jason_Report
e.aux
LaTeX Info: Redefining \. on input line 8.
LaTeX Info: Redefining \% on input line 8.
) ) 
Here is how much of TeX's memory you used:
 7854 strings out of 476334
 119919 string characters out of 5787971
 1977382 words of memory out of 5000000
 28161 multiletter control sequences out of 15000+600000
 520615 words of font info for 65 fonts, out of 8000000 for 9000
 1141 hyphenation exceptions out of 8191
 57i,6n,62p,688b,1653s stack positions out of 10000i,1000n,20000p,200000b,200000s
 <C:\Users\jason\AppData\Local\MiKTeX\fonts/pk/ljfour/jknappen/ec/dpi600\tct
t1000.pk><C:/Users/jason/AppData/Local/Programs/MiKTeX/fonts/type1/public/amsfo
nts/cm/cmbx10.pfb><C:/Users/jason/AppData/Local/Programs/MiKTeX/fonts/type1/pub
lic/amsfonts/cm/cmbx12.pfb><C:/Users/jason/AppData/Local/Programs/MiKTeX/fonts/
type1/public/amsfonts/cm/cmmi12.pfb><C:/Users/jason/AppData/Local/Programs/MiKT
eX/fonts/type1/public/amsfonts/cm/cmmi8.pfb><C:/Users/jason/AppData/Local/Progr
ams/MiKTeX/fonts/type1/public/amsfonts/cm/cmr10.pfb><C:/Users/jason/AppData/Loc
al/Programs/MiKTeX/fonts/type1/public/amsfonts/cm/cmr12.pfb><C:/Users/jason/App
Data/Local/Programs/MiKTeX/fonts/type1/public/amsfonts/cm/cmr17.pfb><C:/Users/j
ason/AppData/Local/Programs/MiKTeX/fonts/type1/public/amsfonts/cm/cmr8.pfb><C:/
Users/jason/AppData/Local/Programs/MiKTeX/fonts/type1/public/amsfonts/cm/cmsy10
.pfb><C:/Users/jason/AppData/Local/Programs/MiKTeX/fonts/type1/public/amsfonts/
cm/cmsy8.pfb><C:/Users/jason/AppData/Local/Programs/MiKTeX/fonts/type1/public/a
msfonts/cm/cmtt10.pfb>
Output written on Medina_Martinez_Jonathan_Jason_Reporte.pdf (52 pages, 1360104
 bytes).
PDF statistics:
 263 PDF objects out of 1000 (max. 8388607)
 0 named destinations out of 1000 (max. 500000)
 161 words of extra memory for PDF output out of 10000 (max. 10000000)

